<?xml version="1.0" encoding="UTF-8"?>
<!-- Generated by org.testng.reporters.JUnitReportReporter -->
<testsuite hostname="DESKTOP-2LCRMMT" failures="0" tests="1" name="com.Todo.tests.AddTodoTest" time="3.609" errors="0" timestamp="2024-05-06T23:07:40 CET" skipped="0">
  <testcase classname="com.Todo.tests.AddTodoTest" name="iCanAddTodo" time="3.609"/>
  <system-out/>
</testsuite> <!-- com.Todo.tests.AddTodoTest -->
