<?xml version="1.0" encoding="UTF-8"?>
<!-- Generated by org.testng.reporters.JUnitReportReporter -->
<testsuite hostname="DESKTOP-2LCRMMT" failures="0" tests="1" name="com.Todo.tests.AddTodoTest" time="8.106" errors="0" timestamp="2024-05-08T22:20:49 CET" skipped="0">
  <testcase classname="com.Todo.tests.AddTodoTest" name="iCanAddTodo" time="8.106"/>
  <system-out/>
</testsuite> <!-- com.Todo.tests.AddTodoTest -->
